<?xml version="1.0" encoding="UTF-8"?>
<testsuite xmlns:xsi="http://www.w3.org/2001/XMLSchema-instance" xsi:noNamespaceSchemaLocation="https://maven.apache.org/surefire/maven-surefire-plugin/xsd/surefire-test-report-3.0.xsd" version="3.0" name="com.n2nlab.camel.python.PythonN2NComplexScenariosTest" time="3.27" tests="2" errors="0" skipped="0" failures="0">
  <properties>
[...]
</properties>
  <testcase name="testExchangeHeadersAndProperties" classname="com.n2nlab.camel.python.PythonN2NComplexScenariosTest" time="1.883">
    <system-out><![CDATA[05:47:54.537 [main] INFO  o.a.c.i.engine.AbstractCamelContext - Apache Camel 4.8.0 (camel-1) is starting
05:47:55.546 [main] INFO  o.a.c.i.engine.AbstractCamelContext - Routes startup (total:4)
05:47:55.546 [main] INFO  o.a.c.i.engine.AbstractCamelContext -     Started route1 (direct://complex)
05:47:55.546 [main] INFO  o.a.c.i.engine.AbstractCamelContext -     Started route2 (direct://headers)
05:47:55.546 [main] INFO  o.a.c.i.engine.AbstractCamelContext -     Started route3 (direct://templates)
05:47:55.546 [main] INFO  o.a.c.i.engine.AbstractCamelContext -     Started route4 (direct://debug)
05:47:55.546 [main] INFO  o.a.c.i.engine.AbstractCamelContext - Apache Camel 4.8.0 (camel-1) started in 999ms (build:0ms init:0ms start:999ms)
05:47:55.548 [main] INFO  o.a.c.t.junit5.util.ExtensionHelper - ********************************************************************************
05:47:55.548 [main] INFO  o.a.c.t.junit5.util.ExtensionHelper - Testing: Should handle exchange headers and properties (com.n2nlab.camel.python.PythonN2NComplexScenariosTest)
05:47:55.548 [main] INFO  o.a.c.t.junit5.util.ExtensionHelper - ********************************************************************************
05:47:55.889 [main] INFO  o.a.c.i.engine.AbstractCamelContext - Apache Camel 4.8.0 (camel-1) is shutting down (timeout:10s)
05:47:55.903 [main] INFO  o.a.c.i.engine.AbstractCamelContext - Routes stopped (total:4)
05:47:55.903 [main] INFO  o.a.c.i.engine.AbstractCamelContext -     Stopped route4 (direct://debug)
05:47:55.903 [main] INFO  o.a.c.i.engine.AbstractCamelContext -     Stopped route3 (direct://templates)
05:47:55.903 [main] INFO  o.a.c.i.engine.AbstractCamelContext -     Stopped route2 (direct://headers)
05:47:55.903 [main] INFO  o.a.c.i.engine.AbstractCamelContext -     Stopped route1 (direct://complex)
05:47:55.906 [main] INFO  o.a.c.i.engine.AbstractCamelContext - Apache Camel 4.8.0 (camel-1) shutdown in 17ms (uptime:1s)
05:47:55.907 [main] INFO  o.a.c.t.junit5.util.ExtensionHelper - ********************************************************************************
05:47:55.907 [main] INFO  o.a.c.t.junit5.util.ExtensionHelper - Testing done: testExchangeHeadersAndProperties (com.n2nlab.camel.python.PythonN2NComplexScenariosTest)
05:47:55.907 [main] INFO  o.a.c.t.junit5.util.ExtensionHelper - Took: 359ms (359 millis)
05:47:55.907 [main] INFO  o.a.c.t.junit5.util.ExtensionHelper - ********************************************************************************
]]></system-out>
  </testcase>
  <testcase name="testComplexDataStructures" classname="com.n2nlab.camel.python.PythonN2NComplexScenariosTest" time="1.033">
    <system-out><![CDATA[05:47:55.944 [main] INFO  o.a.c.i.engine.AbstractCamelContext - Apache Camel 4.8.0 (camel-2) is starting
05:47:56.778 [main] INFO  o.a.c.i.engine.AbstractCamelContext - Routes startup (total:4)
05:47:56.778 [main] INFO  o.a.c.i.engine.AbstractCamelContext -     Started route5 (direct://complex)
05:47:56.778 [main] INFO  o.a.c.i.engine.AbstractCamelContext -     Started route6 (direct://headers)
05:47:56.778 [main] INFO  o.a.c.i.engine.AbstractCamelContext -     Started route7 (direct://templates)
05:47:56.779 [main] INFO  o.a.c.i.engine.AbstractCamelContext -     Started route8 (direct://debug)
05:47:56.779 [main] INFO  o.a.c.i.engine.AbstractCamelContext - Apache Camel 4.8.0 (camel-2) started in 834ms (build:0ms init:0ms start:834ms)
05:47:56.779 [main] INFO  o.a.c.t.junit5.util.ExtensionHelper - ********************************************************************************
05:47:56.779 [main] INFO  o.a.c.t.junit5.util.ExtensionHelper - Testing: Should handle complex data structures (com.n2nlab.camel.python.PythonN2NComplexScenariosTest)
05:47:56.779 [main] INFO  o.a.c.t.junit5.util.ExtensionHelper - ********************************************************************************
05:47:56.947 [main] INFO  o.a.c.i.engine.AbstractCamelContext - Apache Camel 4.8.0 (camel-2) is shutting down (timeout:10s)
05:47:56.949 [main] INFO  o.a.c.i.engine.AbstractCamelContext - Routes stopped (total:4)
05:47:56.950 [main] INFO  o.a.c.i.engine.AbstractCamelContext -     Stopped route8 (direct://debug)
05:47:56.950 [main] INFO  o.a.c.i.engine.AbstractCamelContext -     Stopped route7 (direct://templates)
05:47:56.950 [main] INFO  o.a.c.i.engine.AbstractCamelContext -     Stopped route6 (direct://headers)
05:47:56.950 [main] INFO  o.a.c.i.engine.AbstractCamelContext -     Stopped route5 (direct://complex)
05:47:56.950 [main] INFO  o.a.c.i.engine.AbstractCamelContext - Apache Camel 4.8.0 (camel-2) shutdown in 3ms (uptime:1s)
05:47:56.950 [main] INFO  o.a.c.t.junit5.util.ExtensionHelper - ********************************************************************************
05:47:56.950 [main] INFO  o.a.c.t.junit5.util.ExtensionHelper - Testing done: testComplexDataStructures (com.n2nlab.camel.python.PythonN2NComplexScenariosTest)
05:47:56.950 [main] INFO  o.a.c.t.junit5.util.ExtensionHelper - Took: 171ms (171 millis)
05:47:56.951 [main] INFO  o.a.c.t.junit5.util.ExtensionHelper - ********************************************************************************
]]></system-out>
  </testcase>
</testsuite>