<?xml version="1.0" encoding="UTF-8"?>
<testsuite xmlns:xsi="http://www.w3.org/2001/XMLSchema-instance" xsi:noNamespaceSchemaLocation="https://maven.apache.org/surefire/maven-surefire-plugin/xsd/surefire-test-report-3.0.xsd" version="3.0" name="com.n2nlab.camel.python.PythonN2NEndpointTest" time="0.053" tests="3" errors="0" skipped="0" failures="0">
  <properties>
[...]
</properties>
  <testcase name="testConsumerNotSupported" classname="com.n2nlab.camel.python.PythonN2NEndpointTest" time="0.017">
    <system-out><![CDATA[05:48:06.429 [main] INFO  o.a.c.i.engine.AbstractCamelContext - Apache Camel 4.8.0 (camel-11) is starting
05:48:06.430 [main] INFO  o.a.c.i.engine.AbstractCamelContext - Routes startup (total:0)
05:48:06.431 [main] INFO  o.a.c.i.engine.AbstractCamelContext - Apache Camel 4.8.0 (camel-11) started in 1ms (build:0ms init:0ms start:1ms)
05:48:06.431 [main] INFO  o.a.c.t.junit5.util.ExtensionHelper - ********************************************************************************
05:48:06.431 [main] INFO  o.a.c.t.junit5.util.ExtensionHelper - Testing: Should not support consumer (com.n2nlab.camel.python.PythonN2NEndpointTest)
05:48:06.431 [main] INFO  o.a.c.t.junit5.util.ExtensionHelper - ********************************************************************************
05:48:06.437 [main] INFO  o.a.c.i.engine.AbstractCamelContext - Apache Camel 4.8.0 (camel-11) is shutting down (timeout:10s)
05:48:06.437 [main] INFO  o.a.c.i.engine.AbstractCamelContext - Routes stopped (total:0)
05:48:06.438 [main] INFO  o.a.c.i.engine.AbstractCamelContext - Apache Camel 4.8.0 (camel-11) shutdown in 0ms (uptime:0s)
05:48:06.438 [main] INFO  o.a.c.t.junit5.util.ExtensionHelper - ********************************************************************************
05:48:06.438 [main] INFO  o.a.c.t.junit5.util.ExtensionHelper - Testing done: testConsumerNotSupported (com.n2nlab.camel.python.PythonN2NEndpointTest)
05:48:06.438 [main] INFO  o.a.c.t.junit5.util.ExtensionHelper - Took: 5ms (5 millis)
05:48:06.438 [main] INFO  o.a.c.t.junit5.util.ExtensionHelper - ********************************************************************************
]]></system-out>
  </testcase>
  <testcase name="testDefaultConfiguration" classname="com.n2nlab.camel.python.PythonN2NEndpointTest" time="0.017">
    <system-out><![CDATA[05:48:06.450 [main] INFO  o.a.c.i.engine.AbstractCamelContext - Apache Camel 4.8.0 (camel-12) is starting
05:48:06.450 [main] INFO  o.a.c.i.engine.AbstractCamelContext - Routes startup (total:0)
05:48:06.451 [main] INFO  o.a.c.i.engine.AbstractCamelContext - Apache Camel 4.8.0 (camel-12) started in 0ms (build:0ms init:0ms start:0ms)
05:48:06.451 [main] INFO  o.a.c.t.junit5.util.ExtensionHelper - ********************************************************************************
05:48:06.451 [main] INFO  o.a.c.t.junit5.util.ExtensionHelper - Testing: Should create endpoint with default configuration (com.n2nlab.camel.python.PythonN2NEndpointTest)
05:48:06.451 [main] INFO  o.a.c.t.junit5.util.ExtensionHelper - ********************************************************************************
05:48:06.455 [main] INFO  o.a.c.i.engine.AbstractCamelContext - Apache Camel 4.8.0 (camel-12) is shutting down (timeout:10s)
05:48:06.455 [main] INFO  o.a.c.i.engine.AbstractCamelContext - Routes stopped (total:0)
05:48:06.455 [main] INFO  o.a.c.i.engine.AbstractCamelContext - Apache Camel 4.8.0 (camel-12) shutdown in 0ms (uptime:0s)
05:48:06.455 [main] INFO  o.a.c.t.junit5.util.ExtensionHelper - ********************************************************************************
05:48:06.455 [main] INFO  o.a.c.t.junit5.util.ExtensionHelper - Testing done: testDefaultConfiguration (com.n2nlab.camel.python.PythonN2NEndpointTest)
05:48:06.455 [main] INFO  o.a.c.t.junit5.util.ExtensionHelper - Took: 4ms (4 millis)
05:48:06.455 [main] INFO  o.a.c.t.junit5.util.ExtensionHelper - ********************************************************************************
]]></system-out>
  </testcase>
  <testcase name="testCustomConfiguration" classname="com.n2nlab.camel.python.PythonN2NEndpointTest" time="0.015">
    <system-out><![CDATA[05:48:06.466 [main] INFO  o.a.c.i.engine.AbstractCamelContext - Apache Camel 4.8.0 (camel-13) is starting
05:48:06.466 [main] INFO  o.a.c.i.engine.AbstractCamelContext - Routes startup (total:0)
05:48:06.466 [main] INFO  o.a.c.i.engine.AbstractCamelContext - Apache Camel 4.8.0 (camel-13) started in 0ms (build:0ms init:0ms start:0ms)
05:48:06.467 [main] INFO  o.a.c.t.junit5.util.ExtensionHelper - ********************************************************************************
05:48:06.467 [main] INFO  o.a.c.t.junit5.util.ExtensionHelper - Testing: Should create endpoint with custom configuration (com.n2nlab.camel.python.PythonN2NEndpointTest)
05:48:06.467 [main] INFO  o.a.c.t.junit5.util.ExtensionHelper - ********************************************************************************
05:48:06.471 [main] INFO  o.a.c.i.engine.AbstractCamelContext - Apache Camel 4.8.0 (camel-13) is shutting down (timeout:10s)
05:48:06.472 [main] INFO  o.a.c.i.engine.AbstractCamelContext - Routes stopped (total:0)
05:48:06.472 [main] INFO  o.a.c.i.engine.AbstractCamelContext - Apache Camel 4.8.0 (camel-13) shutdown in 0ms (uptime:0s)
05:48:06.472 [main] INFO  o.a.c.t.junit5.util.ExtensionHelper - ********************************************************************************
05:48:06.472 [main] INFO  o.a.c.t.junit5.util.ExtensionHelper - Testing done: testCustomConfiguration (com.n2nlab.camel.python.PythonN2NEndpointTest)
05:48:06.472 [main] INFO  o.a.c.t.junit5.util.ExtensionHelper - Took: 5ms (5 millis)
05:48:06.472 [main] INFO  o.a.c.t.junit5.util.ExtensionHelper - ********************************************************************************
]]></system-out>
  </testcase>
</testsuite>